<?xml version="1.0" encoding="UTF-8"?>
<!-- Generated by org.testng.reporters.JUnitXMLReporter -->
<testsuite ignored="1" hostname="LAPTOP-K76LP1TT" failures="0" tests="1" name="Test1" time="2.857" errors="0" timestamp="2023-05-04T15:35:12 PDT">
  <testcase classname="com.languageLine.testCases.BaseClass" name="@BeforeMethod setup" time="2.773">
    <failure type="org.openqa.selenium.SessionNotCreatedException" message="session not created: This version of ChromeDriver only supports Chrome version 99
Current browser version is 112.0.5615.139 with binary path C:\Program Files\Google\Chrome\Application\chrome.exe
Build info: version: &amp;apos;3.14.0&amp;apos;, revision: &amp;apos;aacccce0&amp;apos;, time: &amp;apos;2018-08-02T20:19:58.91Z&amp;apos;
System info: host: &amp;apos;LAPTOP-K76LP1TT&amp;apos;, ip: &amp;apos;192.168.87.55&amp;apos;, os.name: &amp;apos;Windows 10&amp;apos;, os.arch: &amp;apos;amd64&amp;apos;, os.version: &amp;apos;10.0&amp;apos;, java.version: &amp;apos;19.0.1&amp;apos;
Driver info: driver.version: ChromeDriver
remote stacktrace: Backtrace:
	Ordinal0 [0x002C9943+2595139]
	Ordinal0 [0x0025C9F1+2148849]
	Ordinal0 [0x00154528+1066280]
	Ordinal0 [0x001742C3+1196739]
	Ordinal0 [0x0016FE37+1179191]
	Ordinal0 [0x0016D6F1+1169137]
	Ordinal0 [0x001A0530+1377584]
	Ordinal0 [0x001A018A+1376650]
	Ordinal0 [0x0019B806+1357830]
	Ordinal0 [0x00176086+1204358]
	Ordinal0 [0x00176F96+1208214]
	GetHandleVerifier [0x0046B232+1658114]
	GetHandleVerifier [0x0052312C+2411516]
	GetHandleVerifier [0x0035F261+560433]
	GetHandleVerifier [0x0035E366+556598]
	Ordinal0 [0x0026286B+2173035]
	Ordinal0 [0x002675F8+2192888]
	Ordinal0 [0x002676E5+2193125]
	Ordinal0 [0x002711FC+2232828]
	BaseThreadInitThunk [0x76410099+25]
	RtlGetAppContainerNamedObjectPath [0x77DA7B6E+286]
	RtlGetAppContainerNamedObjectPath [0x77DA7B3E+238]
	(No symbol) [0x00000000]
">
      <![CDATA[org.openqa.selenium.SessionNotCreatedException: session not created: This version of ChromeDriver only supports Chrome version 99
Current browser version is 112.0.5615.139 with binary path C:\Program Files\Google\Chrome\Application\chrome.exe
Build info: version: '3.14.0', revision: 'aacccce0', time: '2018-08-02T20:19:58.91Z'
System info: host: 'LAPTOP-K76LP1TT', ip: '192.168.87.55', os.name: 'Windows 10', os.arch: 'amd64', os.version: '10.0', java.version: '19.0.1'
Driver info: driver.version: ChromeDriver
remote stacktrace: Backtrace:
Ordinal0 [0x002C9943+2595139]
Ordinal0 [0x0025C9F1+2148849]
Ordinal0 [0x00154528+1066280]
Ordinal0 [0x001742C3+1196739]
Ordinal0 [0x0016FE37+1179191]
Ordinal0 [0x0016D6F1+1169137]
Ordinal0 [0x001A0530+1377584]
Ordinal0 [0x001A018A+1376650]
Ordinal0 [0x0019B806+1357830]
Ordinal0 [0x00176086+1204358]
Ordinal0 [0x00176F96+1208214]
GetHandleVerifier [0x0046B232+1658114]
GetHandleVerifier [0x0052312C+2411516]
GetHandleVerifier [0x0035F261+560433]
GetHandleVerifier [0x0035E366+556598]
Ordinal0 [0x0026286B+2173035]
Ordinal0 [0x002675F8+2192888]
Ordinal0 [0x002676E5+2193125]
Ordinal0 [0x002711FC+2232828]
BaseThreadInitThunk [0x76410099+25]
RtlGetAppContainerNamedObjectPath [0x77DA7B6E+286]
RtlGetAppContainerNamedObjectPath [0x77DA7B3E+238]
(No symbol) [0x00000000]

at org.openqa.selenium.remote.W3CHandshakeResponse.lambda$new$0(W3CHandshakeResponse.java:57)
at org.openqa.selenium.remote.W3CHandshakeResponse.lambda$getResponseFunction$2(W3CHandshakeResponse.java:104)
at org.openqa.selenium.remote.ProtocolHandshake.lambda$createSession$0(ProtocolHandshake.java:122)
at java.base/java.util.stream.ReferencePipeline$3$1.accept(ReferencePipeline.java:197)
at java.base/java.util.Spliterators$ArraySpliterator.tryAdvance(Spliterators.java:1016)
at java.base/java.util.stream.ReferencePipeline.forEachWithCancel(ReferencePipeline.java:129)
at java.base/java.util.stream.AbstractPipeline.copyIntoWithCancel(AbstractPipeline.java:527)
at java.base/java.util.stream.AbstractPipeline.copyInto(AbstractPipeline.java:513)
at java.base/java.util.stream.AbstractPipeline.wrapAndCopyInto(AbstractPipeline.java:499)
at java.base/java.util.stream.FindOps$FindOp.evaluateSequential(FindOps.java:150)
at java.base/java.util.stream.AbstractPipeline.evaluate(AbstractPipeline.java:234)
at java.base/java.util.stream.ReferencePipeline.findFirst(ReferencePipeline.java:647)
at org.openqa.selenium.remote.ProtocolHandshake.createSession(ProtocolHandshake.java:125)
at org.openqa.selenium.remote.ProtocolHandshake.createSession(ProtocolHandshake.java:73)
at org.openqa.selenium.remote.HttpCommandExecutor.execute(HttpCommandExecutor.java:136)
at org.openqa.selenium.remote.service.DriverCommandExecutor.execute(DriverCommandExecutor.java:83)
at org.openqa.selenium.remote.RemoteWebDriver.execute(RemoteWebDriver.java:548)
at org.openqa.selenium.remote.RemoteWebDriver.startSession(RemoteWebDriver.java:212)
at org.openqa.selenium.remote.RemoteWebDriver.<init>(RemoteWebDriver.java:130)
at org.openqa.selenium.chrome.ChromeDriver.<init>(ChromeDriver.java:181)
at org.openqa.selenium.chrome.ChromeDriver.<init>(ChromeDriver.java:168)
at org.openqa.selenium.chrome.ChromeDriver.<init>(ChromeDriver.java:123)
at com.languageLine.testCases.BaseClass.setup(BaseClass.java:56)
at java.base/java.util.ArrayList.forEach(ArrayList.java:1511)
... Removed 32 stack frames]]>
    </failure>
  </testcase> <!-- @BeforeMethod setup -->
  <testcase classname="com.languageLine.testCases.BaseClass" name="@AfterMethod tearDown" time="0.0">
    <skipped/>
  </testcase> <!-- @AfterMethod tearDown -->
  <testcase classname="com.languageLine.testCases.CheckoutTests" name="sonyDemo" time="0.001">
    <skipped/>
  </testcase> <!-- sonyDemo -->
  <testcase classname="com.languageLine.testCases.CheckoutTests" name="fillInAllRequiredFieldsAndPurchaseItems" time="0.0">
    <ignored/>
  </testcase> <!-- fillInAllRequiredFieldsAndPurchaseItems -->
</testsuite> <!-- Test1 -->
